<?xml version="1.0" encoding="UTF-8"?>
<!-- Generated by org.testng.reporters.JUnitReportReporter -->
<testsuite hostname="LIN83004617" name="testRunner.Runner" tests="1" failures="0" timestamp="7 Oct 2021 12:39:13 GMT" time="11.936" errors="0">
  <testcase name="feature" time="11.936" classname="testRunner.Runner"/>
</testsuite> <!-- testRunner.Runner -->
